Model: "sequential_193"
_________________________________________________________________
Layer (type)                 Output Shape              Param #   
=================================================================
lstm_193 (LSTM)              (1, 93)                   35340     
_________________________________________________________________
dense_193 (Dense)            (1, 1)                    94        
=================================================================
Total params: 35,434
Trainable params: 35,434
Non-trainable params: 0
_________________________________________________________________

Running Mean Length : 30
Batch Size : 1
Timesteps : 2
Learning Rate : 0.001
Epochs : 20
Loss Function : mse
Mean Type : none
val_loss : 0.02275082627500098
loss : 0.02900935748241838