Model: "sequential_26"
_________________________________________________________________
Layer (type)                 Output Shape              Param #   
=================================================================
lstm_26 (LSTM)               (20, 2)                   32        
_________________________________________________________________
dense_26 (Dense)             (20, 1)                   3         
_________________________________________________________________
activation_3 (Activation)    (20, 1)                   0         
=================================================================
Total params: 35
Trainable params: 35
Non-trainable params: 0
_________________________________________________________________

Running Mean Length : 30
Batch Size : 20
Timesteps : 2
Learning Rate : 0.0003
Epochs : 100
Loss Function : mse
Mean Type : none
val_loss : 0.4144479312002659
loss : 0.3077878737501029