Model: "sequential_190"
_________________________________________________________________
Layer (type)                 Output Shape              Param #   
=================================================================
lstm_190 (LSTM)              (1, 90)                   33120     
_________________________________________________________________
dense_190 (Dense)            (1, 1)                    91        
=================================================================
Total params: 33,211
Trainable params: 33,211
Non-trainable params: 0
_________________________________________________________________

Running Mean Length : 30
Batch Size : 1
Timesteps : 2
Learning Rate : 0.001
Epochs : 20
Loss Function : mse
Mean Type : none
val_loss : 0.02268031621495161
loss : 0.029027293504162634