Model: "sequential_155"
_________________________________________________________________
Layer (type)                 Output Shape              Param #   
=================================================================
lstm_155 (LSTM)              (1, 55)                   12540     
_________________________________________________________________
dense_155 (Dense)            (1, 1)                    56        
=================================================================
Total params: 12,596
Trainable params: 12,596
Non-trainable params: 0
_________________________________________________________________

Running Mean Length : 30
Batch Size : 1
Timesteps : 2
Learning Rate : 0.001
Epochs : 20
Loss Function : mse
Mean Type : none
val_loss : 0.02237640835982966
loss : 0.028970832280232346