Model: "sequential_124"
_________________________________________________________________
Layer (type)                 Output Shape              Param #   
=================================================================
lstm_124 (LSTM)              (1, 24)                   2496      
_________________________________________________________________
dense_124 (Dense)            (1, 1)                    25        
=================================================================
Total params: 2,521
Trainable params: 2,521
Non-trainable params: 0
_________________________________________________________________

Running Mean Length : 30
Batch Size : 1
Timesteps : 2
Learning Rate : 0.001
Epochs : 20
Loss Function : mse
Mean Type : none
val_loss : 0.022138030547180543
loss : 0.02881082309092138