Model: "sequential_81"
_________________________________________________________________
Layer (type)                 Output Shape              Param #   
=================================================================
lstm_81 (LSTM)               (16, 2)                   32        
_________________________________________________________________
dense_81 (Dense)             (16, 1)                   3         
=================================================================
Total params: 35
Trainable params: 35
Non-trainable params: 0
_________________________________________________________________

Running Mean Length : 30
Batch Size : 16
Timesteps : 2
Learning Rate : 0.1
Epochs : 100
Loss Function : mse
Mean Type : none
val_loss : 0.014123021895502462
loss : 0.015126673269603385