Model: "sequential_1"
_________________________________________________________________
Layer (type)                 Output Shape              Param #   
=================================================================
lstm_1 (LSTM)                (30, 2)                   32        
_________________________________________________________________
dense_1 (Dense)              (30, 1)                   3         
=================================================================
Total params: 35
Trainable params: 35
Non-trainable params: 0
_________________________________________________________________

Running Mean Length : 30
Batch Size : 30
Timesteps : 2
Learning Rate : 0.001
Epochs : 100
Loss Function : mse
Mean Type : none
val_loss : 0.04199119870151792
loss : 0.03368631985626722