Model: "sequential_1"
_________________________________________________________________
Layer (type)                 Output Shape              Param #   
=================================================================
flatten_1 (Flatten)          (None, 10)                0         
_________________________________________________________________
dense_1 (Dense)              (None, 64)                704       
_________________________________________________________________
dense_2 (Dense)              (None, 1)                 65        
=================================================================
Total params: 769
Trainable params: 769
Non-trainable params: 0
_________________________________________________________________

Running Mean Length : 31
Batch Size : 32
Timesteps : 10
Learning Rate : 0.001
Epochs : 5
Loss Function : mse
val_loss : 0.03422903205538795
loss : 0.10873046190416716