Model: "sequential"
_________________________________________________________________
Layer (type)                 Output Shape              Param #   
=================================================================
lstm (LSTM)                  (32, 256, 64)             16896     
_________________________________________________________________
lstm_1 (LSTM)                (32, 64)                  33024     
_________________________________________________________________
dense (Dense)                (32, 1)                   65        
=================================================================
Total params: 49,985
Trainable params: 49,985
Non-trainable params: 0
_________________________________________________________________

Running Mean Length : 30
Batch Size : 32
Timesteps : 256
Learning Rate : 0.01
Epochs : 100
Loss Function : mse
Mean Type : uniform
loss : 0.0020003147570864755
val_loss : 0.008181050419807434