Model: "sequential_4"
_________________________________________________________________
Layer (type)                 Output Shape              Param #   
=================================================================
lstm_4 (LSTM)                (1, 10)                   480       
_________________________________________________________________
dense_4 (Dense)              (1, 1)                    11        
=================================================================
Total params: 491
Trainable params: 491
Non-trainable params: 0
_________________________________________________________________

Running Mean Length : 30
Batch Size : 1
Timesteps : 1
Learning Rate : 10
Epochs : 10
Loss Function : mse
Mean Type : none
val_loss : 1.1320956286631132
loss : 0.3192937697996335