Model: "sequential_135"
_________________________________________________________________
Layer (type)                 Output Shape              Param #   
=================================================================
lstm_135 (LSTM)              (1, 35)                   5180      
_________________________________________________________________
dense_135 (Dense)            (1, 1)                    36        
=================================================================
Total params: 5,216
Trainable params: 5,216
Non-trainable params: 0
_________________________________________________________________

Running Mean Length : 30
Batch Size : 1
Timesteps : 2
Learning Rate : 0.001
Epochs : 20
Loss Function : mse
Mean Type : none
val_loss : 0.02225920074233796
loss : 0.02901641890420659