Model: "sequential_1"
_________________________________________________________________
Layer (type)                 Output Shape              Param #   
=================================================================
lstm_1 (LSTM)                (32, 4, 4)                96        
_________________________________________________________________
lstm_2 (LSTM)                (32, 4)                   144       
_________________________________________________________________
dense_1 (Dense)              (32, 1)                   5         
=================================================================
Total params: 245
Trainable params: 245
Non-trainable params: 0
_________________________________________________________________

Running Mean Length : 30
Batch Size : 32
Timesteps : 4
Learning Rate : 0.01
Epochs : 100
Loss Function : mse
Mean Type : uniform
val_loss : 1.324042621793827e-05
loss : 1.7923671015927943e-05