Model: "sequential"
_________________________________________________________________
Layer (type)                 Output Shape              Param #   
=================================================================
lstm (LSTM)                  (32, 4, 4)                96        
_________________________________________________________________
lstm_1 (LSTM)                (32, 4, 10)               600       
_________________________________________________________________
lstm_2 (LSTM)                (32, 4)                   240       
_________________________________________________________________
dense (Dense)                (32, 1)                   5         
=================================================================
Total params: 941
Trainable params: 941
Non-trainable params: 0
_________________________________________________________________

Running Mean Length : 30
Batch Size : 32
Timesteps : 4
Learning Rate : 0.01
Epochs : 100
Loss Function : mse
Mean Type : uniform
loss : 5.176978026754983e-06
val_loss : 3.889368311837033e-06