Model: "sequential_139"
_________________________________________________________________
Layer (type)                 Output Shape              Param #   
=================================================================
lstm_139 (LSTM)              (1, 39)                   6396      
_________________________________________________________________
dense_139 (Dense)            (1, 1)                    40        
=================================================================
Total params: 6,436
Trainable params: 6,436
Non-trainable params: 0
_________________________________________________________________

Running Mean Length : 30
Batch Size : 1
Timesteps : 2
Learning Rate : 0.001
Epochs : 20
Loss Function : mse
Mean Type : none
val_loss : 0.022246253236110562
loss : 0.028975866364674835