Model: "sequential_27"
_________________________________________________________________
Layer (type)                 Output Shape              Param #   
=================================================================
lstm_27 (LSTM)               (16, 6)                   192       
_________________________________________________________________
dense_27 (Dense)             (16, 1)                   7         
=================================================================
Total params: 199
Trainable params: 199
Non-trainable params: 0
_________________________________________________________________

Running Mean Length : 30
Batch Size : 16
Timesteps : 2
Learning Rate : 0.1
Epochs : 100
Loss Function : mse
Mean Type : none
val_loss : 0.03668973331029216
loss : 0.01918885120618585