Model: "sequential_188"
_________________________________________________________________
Layer (type)                 Output Shape              Param #   
=================================================================
lstm_188 (LSTM)              (1, 88)                   31680     
_________________________________________________________________
dense_188 (Dense)            (1, 1)                    89        
=================================================================
Total params: 31,769
Trainable params: 31,769
Non-trainable params: 0
_________________________________________________________________

Running Mean Length : 30
Batch Size : 1
Timesteps : 2
Learning Rate : 0.001
Epochs : 20
Loss Function : mse
Mean Type : none
val_loss : 0.02262040424594183
loss : 0.02900066053921161