Model: "sequential_20"
_________________________________________________________________
Layer (type)                 Output Shape              Param #   
=================================================================
lstm_20 (LSTM)               (32, 64)                  16896     
_________________________________________________________________
dense_20 (Dense)             (32, 1)                   65        
=================================================================
Total params: 16,961
Trainable params: 16,961
Non-trainable params: 0
_________________________________________________________________

Running Mean Length : 30
Batch Size : 32
Timesteps : 10
Learning Rate : 0.01
Epochs : 100
Loss Function : mse
Mean Type : none
loss : 0.007761001337914624
val_loss : 0.006055125501006842