Model: "sequential"
_________________________________________________________________
Layer (type)                 Output Shape              Param #   
=================================================================
lstm (LSTM)                  (32, 10, 64)              16896     
_________________________________________________________________
lstm_1 (LSTM)                (32, 64)                  33024     
_________________________________________________________________
dense (Dense)                (32, 1)                   65        
=================================================================
Total params: 49,985
Trainable params: 49,985
Non-trainable params: 0
_________________________________________________________________

Running Mean Length : 30
Batch Size : 32
Timesteps : 10
Learning Rate : 0.01
Epochs : 100
Loss Function : mse
Mean Type : uniform
loss : 5.923582385649853e-05
val_loss : 4.4695446680028304e-05