Model: "sequential_142"
_________________________________________________________________
Layer (type)                 Output Shape              Param #   
=================================================================
lstm_142 (LSTM)              (1, 42)                   7392      
_________________________________________________________________
dense_142 (Dense)            (1, 1)                    43        
=================================================================
Total params: 7,435
Trainable params: 7,435
Non-trainable params: 0
_________________________________________________________________

Running Mean Length : 30
Batch Size : 1
Timesteps : 2
Learning Rate : 0.001
Epochs : 20
Loss Function : mse
Mean Type : none
val_loss : 0.022312136119457253
loss : 0.028922595022971193