Model: "sequential_22"
_________________________________________________________________
Layer (type)                 Output Shape              Param #   
=================================================================
lstm_22 (LSTM)               (20, 2)                   32        
_________________________________________________________________
dense_22 (Dense)             (20, 1)                   3         
_________________________________________________________________
lambda_1 (Lambda)            (20, 1)                   0         
=================================================================
Total params: 35
Trainable params: 35
Non-trainable params: 0
_________________________________________________________________

Running Mean Length : 30
Batch Size : 20
Timesteps : 2
Learning Rate : 0.0003
Epochs : 100
Loss Function : mse
Mean Type : none
val_loss : 0.22027953481301665
loss : 0.15213588127416783