Model: "sequential_158"
_________________________________________________________________
Layer (type)                 Output Shape              Param #   
=================================================================
lstm_158 (LSTM)              (1, 58)                   13920     
_________________________________________________________________
dense_158 (Dense)            (1, 1)                    59        
=================================================================
Total params: 13,979
Trainable params: 13,979
Non-trainable params: 0
_________________________________________________________________

Running Mean Length : 30
Batch Size : 1
Timesteps : 2
Learning Rate : 0.001
Epochs : 20
Loss Function : mse
Mean Type : none
val_loss : 0.022424082522471543
loss : 0.0289492112903617