Model: "sequential_38"
_________________________________________________________________
Layer (type)                 Output Shape              Param #   
=================================================================
lstm_38 (LSTM)               (32, 64)                  16896     
_________________________________________________________________
dense_38 (Dense)             (32, 1)                   65        
=================================================================
Total params: 16,961
Trainable params: 16,961
Non-trainable params: 0
_________________________________________________________________

Running Mean Length : 30
Batch Size : 32
Timesteps : 10
Learning Rate : 0.01
Epochs : 100
Loss Function : mse
Mean Type : none
loss : 0.007942118513811793
val_loss : 0.005555375246331096