Model: "sequential_1"
_________________________________________________________________
Layer (type)                 Output Shape              Param #   
=================================================================
flatten_1 (Flatten)          (None, 10)                0         
_________________________________________________________________
dense_1 (Dense)              (None, 64)                704       
_________________________________________________________________
dense_2 (Dense)              (None, 64)                4160      
_________________________________________________________________
dense_3 (Dense)              (None, 1)                 65        
=================================================================
Total params: 4,929
Trainable params: 4,929
Non-trainable params: 0
_________________________________________________________________

Running Mean Length : 31
Batch Size : 32
Timesteps : 10
Learning Rate : 0.001
Epochs : 9
Loss Function : mse
Mean Type : uniform
val_loss : 0.06207503611357643
loss : 0.004780375651058696