Model: "sequential_191"
_________________________________________________________________
Layer (type)                 Output Shape              Param #   
=================================================================
lstm_191 (LSTM)              (1, 91)                   33852     
_________________________________________________________________
dense_191 (Dense)            (1, 1)                    92        
=================================================================
Total params: 33,944
Trainable params: 33,944
Non-trainable params: 0
_________________________________________________________________

Running Mean Length : 30
Batch Size : 1
Timesteps : 2
Learning Rate : 0.001
Epochs : 20
Loss Function : mse
Mean Type : none
val_loss : 0.022722517477684747
loss : 0.02903946427079284