Model: "sequential_107"
_________________________________________________________________
Layer (type)                 Output Shape              Param #   
=================================================================
lstm_107 (LSTM)              (1, 7)                    252       
_________________________________________________________________
dense_107 (Dense)            (1, 1)                    8         
=================================================================
Total params: 260
Trainable params: 260
Non-trainable params: 0
_________________________________________________________________

Running Mean Length : 30
Batch Size : 1
Timesteps : 2
Learning Rate : 0.001
Epochs : 20
Loss Function : mse
Mean Type : none
val_loss : 0.022331796852287263
loss : 0.028241858266134408