Model: "sequential_122"
_________________________________________________________________
Layer (type)                 Output Shape              Param #   
=================================================================
lstm_122 (LSTM)              (1, 22)                   2112      
_________________________________________________________________
dense_122 (Dense)            (1, 1)                    23        
=================================================================
Total params: 2,135
Trainable params: 2,135
Non-trainable params: 0
_________________________________________________________________

Running Mean Length : 30
Batch Size : 1
Timesteps : 2
Learning Rate : 0.001
Epochs : 20
Loss Function : mse
Mean Type : none
val_loss : 0.022192477052378694
loss : 0.028941864299169447