Model: "sequential_105"
_________________________________________________________________
Layer (type)                 Output Shape              Param #   
=================================================================
lstm_105 (LSTM)              (1, 5)                    140       
_________________________________________________________________
dense_105 (Dense)            (1, 1)                    6         
=================================================================
Total params: 146
Trainable params: 146
Non-trainable params: 0
_________________________________________________________________

Running Mean Length : 30
Batch Size : 1
Timesteps : 2
Learning Rate : 0.001
Epochs : 20
Loss Function : mse
Mean Type : none
val_loss : 0.022131389184438615
loss : 0.028187472999105383