Model: "sequential_2"
_________________________________________________________________
Layer (type)                 Output Shape              Param #   
=================================================================
lstm_2 (LSTM)                (1, 100)                  40800     
_________________________________________________________________
dense_2 (Dense)              (1, 1)                    101       
=================================================================
Total params: 40,901
Trainable params: 40,901
Non-trainable params: 0
_________________________________________________________________

Running Mean Length : 30
Batch Size : 1
Timesteps : 2
Learning Rate : 0.3
Epochs : 100
Loss Function : mse
Mean Type : none
val_loss : 0.2161214679400306
loss : 0.2654754960996304