Model: "sequential_1"
_________________________________________________________________
Layer (type)                 Output Shape              Param #   
=================================================================
lstm_1 (LSTM)                (1, 4)                    112       
_________________________________________________________________
dense_1 (Dense)              (1, 2)                    10        
=================================================================
Total params: 122
Trainable params: 122
Non-trainable params: 0
_________________________________________________________________

Running Mean Length : 30
Batch Size : 1
Timesteps : 10
Learning Rate : 10
Epochs : 10
Loss Function : mse
Mean Type : none
val_loss : 0.34749874797871877
loss : 0.18771616212999956