Model: "sequential_180"
_________________________________________________________________
Layer (type)                 Output Shape              Param #   
=================================================================
lstm_180 (LSTM)              (1, 80)                   26240     
_________________________________________________________________
dense_180 (Dense)            (1, 1)                    81        
=================================================================
Total params: 26,321
Trainable params: 26,321
Non-trainable params: 0
_________________________________________________________________

Running Mean Length : 30
Batch Size : 1
Timesteps : 2
Learning Rate : 0.001
Epochs : 20
Loss Function : mse
Mean Type : none
val_loss : 0.022613429379605816
loss : 0.029024340105792613