Model: "sequential_144"
_________________________________________________________________
Layer (type)                 Output Shape              Param #   
=================================================================
lstm_144 (LSTM)              (1, 44)                   8096      
_________________________________________________________________
dense_144 (Dense)            (1, 1)                    45        
=================================================================
Total params: 8,141
Trainable params: 8,141
Non-trainable params: 0
_________________________________________________________________

Running Mean Length : 30
Batch Size : 1
Timesteps : 2
Learning Rate : 0.001
Epochs : 20
Loss Function : mse
Mean Type : none
val_loss : 0.02233044318556421
loss : 0.02886992297231454