Model: "sequential_1"
_________________________________________________________________
Layer (type)                 Output Shape              Param #   
=================================================================
lstm_2 (LSTM)                (32, 10, 64)              16896     
_________________________________________________________________
lstm_3 (LSTM)                (32, 64)                  33024     
_________________________________________________________________
dense_1 (Dense)              (32, 1)                   65        
=================================================================
Total params: 49,985
Trainable params: 49,985
Non-trainable params: 0
_________________________________________________________________

Running Mean Length : 30
Batch Size : 32
Timesteps : 10
Learning Rate : 0.01
Epochs : 100
Loss Function : mse
Mean Type : uniform
loss : 5.4221540772737673e-05
val_loss : 4.391649296546044e-05