Model: "sequential_1"
_________________________________________________________________
Layer (type)                 Output Shape              Param #   
=================================================================
lstm_1 (LSTM)                (1, 4)                    96        
_________________________________________________________________
activation_1 (Activation)    (1, 4)                    0         
_________________________________________________________________
dense_1 (Dense)              (1, 1)                    5         
_________________________________________________________________
activation_2 (Activation)    (1, 1)                    0         
=================================================================
Total params: 101
Trainable params: 101
Non-trainable params: 0
_________________________________________________________________

Running Mean Length : 30
Batch Size : 1
Timesteps : 1
Learning Rate : 1
Epochs : 20
Loss Function : mse
Mean Type : none
val_loss : 0.22306709277979803
loss : 0.33199054661251903