Model: "sequential_196"
_________________________________________________________________
Layer (type)                 Output Shape              Param #   
=================================================================
lstm_196 (LSTM)              (1, 96)                   37632     
_________________________________________________________________
dense_196 (Dense)            (1, 1)                    97        
=================================================================
Total params: 37,729
Trainable params: 37,729
Non-trainable params: 0
_________________________________________________________________

Running Mean Length : 30
Batch Size : 1
Timesteps : 2
Learning Rate : 0.001
Epochs : 20
Loss Function : mse
Mean Type : none
val_loss : 0.022664886095736532
loss : 0.029047016564636558