Model: "sequential_200"
_________________________________________________________________
Layer (type)                 Output Shape              Param #   
=================================================================
lstm_200 (LSTM)              (1, 100)                  40800     
_________________________________________________________________
dense_200 (Dense)            (1, 1)                    101       
=================================================================
Total params: 40,901
Trainable params: 40,901
Non-trainable params: 0
_________________________________________________________________

Running Mean Length : 30
Batch Size : 1
Timesteps : 2
Learning Rate : 0.001
Epochs : 20
Loss Function : mse
Mean Type : none
val_loss : 0.02271618304522585
loss : 0.02903808309954216