Model: "sequential_115"
_________________________________________________________________
Layer (type)                 Output Shape              Param #   
=================================================================
lstm_115 (LSTM)              (1, 15)                   1020      
_________________________________________________________________
dense_115 (Dense)            (1, 1)                    16        
=================================================================
Total params: 1,036
Trainable params: 1,036
Non-trainable params: 0
_________________________________________________________________

Running Mean Length : 30
Batch Size : 1
Timesteps : 2
Learning Rate : 0.001
Epochs : 20
Loss Function : mse
Mean Type : none
val_loss : 0.022189719328168
loss : 0.02868609622210013