Model: "sequential_167"
_________________________________________________________________
Layer (type)                 Output Shape              Param #   
=================================================================
lstm_167 (LSTM)              (1, 67)                   18492     
_________________________________________________________________
dense_167 (Dense)            (1, 1)                    68        
=================================================================
Total params: 18,560
Trainable params: 18,560
Non-trainable params: 0
_________________________________________________________________

Running Mean Length : 30
Batch Size : 1
Timesteps : 2
Learning Rate : 0.001
Epochs : 20
Loss Function : mse
Mean Type : none
val_loss : 0.02250069033080265
loss : 0.02901775518957483