Model: "sequential_160"
_________________________________________________________________
Layer (type)                 Output Shape              Param #   
=================================================================
lstm_160 (LSTM)              (1, 60)                   14880     
_________________________________________________________________
dense_160 (Dense)            (1, 1)                    61        
=================================================================
Total params: 14,941
Trainable params: 14,941
Non-trainable params: 0
_________________________________________________________________

Running Mean Length : 30
Batch Size : 1
Timesteps : 2
Learning Rate : 0.001
Epochs : 20
Loss Function : mse
Mean Type : none
val_loss : 0.022390269857763174
loss : 0.028993561752988378