Model: "sequential_113"
_________________________________________________________________
Layer (type)                 Output Shape              Param #   
=================================================================
lstm_113 (LSTM)              (1, 13)                   780       
_________________________________________________________________
dense_113 (Dense)            (1, 1)                    14        
=================================================================
Total params: 794
Trainable params: 794
Non-trainable params: 0
_________________________________________________________________

Running Mean Length : 30
Batch Size : 1
Timesteps : 2
Learning Rate : 0.001
Epochs : 20
Loss Function : mse
Mean Type : none
val_loss : 0.022068955717024823
loss : 0.028864192919638276