Model: "sequential_116"
_________________________________________________________________
Layer (type)                 Output Shape              Param #   
=================================================================
lstm_116 (LSTM)              (1, 16)                   1152      
_________________________________________________________________
dense_116 (Dense)            (1, 1)                    17        
=================================================================
Total params: 1,169
Trainable params: 1,169
Non-trainable params: 0
_________________________________________________________________

Running Mean Length : 30
Batch Size : 1
Timesteps : 2
Learning Rate : 0.001
Epochs : 20
Loss Function : mse
Mean Type : none
val_loss : 0.02212279158262698
loss : 0.02870402841188741