Model: "sequential_168"
_________________________________________________________________
Layer (type)                 Output Shape              Param #   
=================================================================
lstm_168 (LSTM)              (1, 68)                   19040     
_________________________________________________________________
dense_168 (Dense)            (1, 1)                    69        
=================================================================
Total params: 19,109
Trainable params: 19,109
Non-trainable params: 0
_________________________________________________________________

Running Mean Length : 30
Batch Size : 1
Timesteps : 2
Learning Rate : 0.001
Epochs : 20
Loss Function : mse
Mean Type : none
val_loss : 0.022497433294279768
loss : 0.02900129766750699