Model: "sequential_3"
_________________________________________________________________
Layer (type)                 Output Shape              Param #   
=================================================================
lstm_5 (LSTM)                (32, 4, 4)                96        
_________________________________________________________________
lstm_6 (LSTM)                (32, 4)                   144       
_________________________________________________________________
dense_3 (Dense)              (32, 1)                   5         
=================================================================
Total params: 245
Trainable params: 245
Non-trainable params: 0
_________________________________________________________________

Running Mean Length : 30
Batch Size : 32
Timesteps : 4
Learning Rate : 0.01
Epochs : 100
Loss Function : mse
Mean Type : uniform
val_loss : 0.0065124368605514365
loss : 0.006913444467095865