Model: "sequential_179"
_________________________________________________________________
Layer (type)                 Output Shape              Param #   
=================================================================
lstm_179 (LSTM)              (1, 79)                   25596     
_________________________________________________________________
dense_179 (Dense)            (1, 1)                    80        
=================================================================
Total params: 25,676
Trainable params: 25,676
Non-trainable params: 0
_________________________________________________________________

Running Mean Length : 30
Batch Size : 1
Timesteps : 2
Learning Rate : 0.001
Epochs : 20
Loss Function : mse
Mean Type : none
val_loss : 0.022593929088096595
loss : 0.029031914382768833