Model: "sequential_140"
_________________________________________________________________
Layer (type)                 Output Shape              Param #   
=================================================================
lstm_140 (LSTM)              (1, 40)                   6720      
_________________________________________________________________
dense_140 (Dense)            (1, 1)                    41        
=================================================================
Total params: 6,761
Trainable params: 6,761
Non-trainable params: 0
_________________________________________________________________

Running Mean Length : 30
Batch Size : 1
Timesteps : 2
Learning Rate : 0.001
Epochs : 20
Loss Function : mse
Mean Type : none
val_loss : 0.022424739021172223
loss : 0.02904425274376119