Model: "sequential_182"
_________________________________________________________________
Layer (type)                 Output Shape              Param #   
=================================================================
lstm_182 (LSTM)              (1, 82)                   27552     
_________________________________________________________________
dense_182 (Dense)            (1, 1)                    83        
=================================================================
Total params: 27,635
Trainable params: 27,635
Non-trainable params: 0
_________________________________________________________________

Running Mean Length : 30
Batch Size : 1
Timesteps : 2
Learning Rate : 0.001
Epochs : 20
Loss Function : mse
Mean Type : none
val_loss : 0.022636746984097383
loss : 0.02901511066987624