Model: "sequential_157"
_________________________________________________________________
Layer (type)                 Output Shape              Param #   
=================================================================
lstm_157 (LSTM)              (1, 57)                   13452     
_________________________________________________________________
dense_157 (Dense)            (1, 1)                    58        
=================================================================
Total params: 13,510
Trainable params: 13,510
Non-trainable params: 0
_________________________________________________________________

Running Mean Length : 30
Batch Size : 1
Timesteps : 2
Learning Rate : 0.001
Epochs : 20
Loss Function : mse
Mean Type : none
val_loss : 0.022463267968244296
loss : 0.029046416884475814