Model: "sequential_129"
_________________________________________________________________
Layer (type)                 Output Shape              Param #   
=================================================================
lstm_129 (LSTM)              (1, 29)                   3596      
_________________________________________________________________
dense_129 (Dense)            (1, 1)                    30        
=================================================================
Total params: 3,626
Trainable params: 3,626
Non-trainable params: 0
_________________________________________________________________

Running Mean Length : 30
Batch Size : 1
Timesteps : 2
Learning Rate : 0.001
Epochs : 20
Loss Function : mse
Mean Type : none
val_loss : 0.022214335259205298
loss : 0.028932110186408035