Model: "sequential_162"
_________________________________________________________________
Layer (type)                 Output Shape              Param #   
=================================================================
lstm_162 (LSTM)              (1, 62)                   15872     
_________________________________________________________________
dense_162 (Dense)            (1, 1)                    63        
=================================================================
Total params: 15,935
Trainable params: 15,935
Non-trainable params: 0
_________________________________________________________________

Running Mean Length : 30
Batch Size : 1
Timesteps : 2
Learning Rate : 0.001
Epochs : 20
Loss Function : mse
Mean Type : none
val_loss : 0.02247165363470497
loss : 0.02899483489628253