Model: "sequential_1"
_________________________________________________________________
Layer (type)                 Output Shape              Param #   
=================================================================
lstm_1 (LSTM)                (1, 4)                    112       
_________________________________________________________________
dense_1 (Dense)              (1, 2)                    10        
=================================================================
Total params: 122
Trainable params: 122
Non-trainable params: 0
_________________________________________________________________

Running Mean Length : 30
Batch Size : 1
Timesteps : 1
Learning Rate : 10
Epochs : 10
Loss Function : mse
Mean Type : none
val_loss : 0.09179289268642532
loss : 0.13971051248927402