Model: "sequential_163"
_________________________________________________________________
Layer (type)                 Output Shape              Param #   
=================================================================
lstm_163 (LSTM)              (1, 63)                   16380     
_________________________________________________________________
dense_163 (Dense)            (1, 1)                    64        
=================================================================
Total params: 16,444
Trainable params: 16,444
Non-trainable params: 0
_________________________________________________________________

Running Mean Length : 30
Batch Size : 1
Timesteps : 2
Learning Rate : 0.001
Epochs : 20
Loss Function : mse
Mean Type : none
val_loss : 0.02247812635084686
loss : 0.029015569275880622