Model: "sequential_14"
_________________________________________________________________
Layer (type)                 Output Shape              Param #   
=================================================================
lstm_14 (LSTM)               (1, 10)                   480       
_________________________________________________________________
dense_14 (Dense)             (1, 1)                    11        
=================================================================
Total params: 491
Trainable params: 491
Non-trainable params: 0
_________________________________________________________________

Running Mean Length : 30
Batch Size : 1
Timesteps : 1
Learning Rate : 10
Epochs : 10
Loss Function : mse
Mean Type : none
val_loss : 2.443551078589276
loss : 0.873240149334737