Model: "sequential_133"
_________________________________________________________________
Layer (type)                 Output Shape              Param #   
=================================================================
lstm_133 (LSTM)              (1, 33)                   4620      
_________________________________________________________________
dense_133 (Dense)            (1, 1)                    34        
=================================================================
Total params: 4,654
Trainable params: 4,654
Non-trainable params: 0
_________________________________________________________________

Running Mean Length : 30
Batch Size : 1
Timesteps : 2
Learning Rate : 0.001
Epochs : 20
Loss Function : mse
Mean Type : none
val_loss : 0.022244627974492972
loss : 0.029028757733903707