Model: "sequential_118"
_________________________________________________________________
Layer (type)                 Output Shape              Param #   
=================================================================
lstm_118 (LSTM)              (1, 18)                   1440      
_________________________________________________________________
dense_118 (Dense)            (1, 1)                    19        
=================================================================
Total params: 1,459
Trainable params: 1,459
Non-trainable params: 0
_________________________________________________________________

Running Mean Length : 30
Batch Size : 1
Timesteps : 2
Learning Rate : 0.001
Epochs : 20
Loss Function : mse
Mean Type : none
val_loss : 0.022118415675914656
loss : 0.028898054520818423