Model: "sequential_38"
_________________________________________________________________
Layer (type)                 Output Shape              Param #   
=================================================================
lstm_38 (LSTM)               (16, 17)                  1292      
_________________________________________________________________
dense_38 (Dense)             (16, 1)                   18        
=================================================================
Total params: 1,310
Trainable params: 1,310
Non-trainable params: 0
_________________________________________________________________

Running Mean Length : 30
Batch Size : 16
Timesteps : 2
Learning Rate : 0.1
Epochs : 100
Loss Function : mse
Mean Type : none
val_loss : 0.04566071702477833
loss : 0.020135469180909363