Model: "sequential_185"
_________________________________________________________________
Layer (type)                 Output Shape              Param #   
=================================================================
lstm_185 (LSTM)              (1, 85)                   29580     
_________________________________________________________________
dense_185 (Dense)            (1, 1)                    86        
=================================================================
Total params: 29,666
Trainable params: 29,666
Non-trainable params: 0
_________________________________________________________________

Running Mean Length : 30
Batch Size : 1
Timesteps : 2
Learning Rate : 0.001
Epochs : 20
Loss Function : mse
Mean Type : none
val_loss : 0.022653470424850622
loss : 0.029033872418809035