Model: "sequential_174"
_________________________________________________________________
Layer (type)                 Output Shape              Param #   
=================================================================
lstm_174 (LSTM)              (1, 74)                   22496     
_________________________________________________________________
dense_174 (Dense)            (1, 1)                    75        
=================================================================
Total params: 22,571
Trainable params: 22,571
Non-trainable params: 0
_________________________________________________________________

Running Mean Length : 30
Batch Size : 1
Timesteps : 2
Learning Rate : 0.001
Epochs : 20
Loss Function : mse
Mean Type : none
val_loss : 0.02255269549896603
loss : 0.029031253700302198