Model: "sequential_184"
_________________________________________________________________
Layer (type)                 Output Shape              Param #   
=================================================================
lstm_184 (LSTM)              (1, 84)                   28896     
_________________________________________________________________
dense_184 (Dense)            (1, 1)                    85        
=================================================================
Total params: 28,981
Trainable params: 28,981
Non-trainable params: 0
_________________________________________________________________

Running Mean Length : 30
Batch Size : 1
Timesteps : 2
Learning Rate : 0.001
Epochs : 20
Loss Function : mse
Mean Type : none
val_loss : 0.022604540153065903
loss : 0.028980403364230328