Model: "sequential_40"
_________________________________________________________________
Layer (type)                 Output Shape              Param #   
=================================================================
lstm_40 (LSTM)               (16, 19)                  1596      
_________________________________________________________________
dense_40 (Dense)             (16, 1)                   20        
=================================================================
Total params: 1,616
Trainable params: 1,616
Non-trainable params: 0
_________________________________________________________________

Running Mean Length : 30
Batch Size : 16
Timesteps : 2
Learning Rate : 0.1
Epochs : 100
Loss Function : mse
Mean Type : none
val_loss : 0.05461338934643815
loss : 0.01977053439445995