Model: "sequential_1"
_________________________________________________________________
Layer (type)                 Output Shape              Param #   
=================================================================
lstm_1 (LSTM)                (32, 64)                  16896     
_________________________________________________________________
dense_1 (Dense)              (32, 1)                   65        
=================================================================
Total params: 16,961
Trainable params: 16,961
Non-trainable params: 0
_________________________________________________________________

Running Mean Length : 10
Batch Size : 32
Timesteps : 10
Learning Rate : 0.001
Epochs : 20
Loss Function : mse
Mean Type : none
val_loss : 0.07089776491974592
loss : 0.016940160247473184