Model: "sequential_36"
_________________________________________________________________
Layer (type)                 Output Shape              Param #   
=================================================================
lstm_36 (LSTM)               (32, 64)                  16896     
_________________________________________________________________
dense_36 (Dense)             (32, 1)                   65        
=================================================================
Total params: 16,961
Trainable params: 16,961
Non-trainable params: 0
_________________________________________________________________

Running Mean Length : 30
Batch Size : 32
Timesteps : 10
Learning Rate : 0.01
Epochs : 100
Loss Function : mse
Mean Type : none
loss : 0.007953241014749639
val_loss : 0.005569226186101635