Model: "sequential_131"
_________________________________________________________________
Layer (type)                 Output Shape              Param #   
=================================================================
lstm_131 (LSTM)              (1, 31)                   4092      
_________________________________________________________________
dense_131 (Dense)            (1, 1)                    32        
=================================================================
Total params: 4,124
Trainable params: 4,124
Non-trainable params: 0
_________________________________________________________________

Running Mean Length : 30
Batch Size : 1
Timesteps : 2
Learning Rate : 0.001
Epochs : 20
Loss Function : mse
Mean Type : none
val_loss : 0.022157438506795534
loss : 0.029034165976784952