Model: "sequential_175"
_________________________________________________________________
Layer (type)                 Output Shape              Param #   
=================================================================
lstm_175 (LSTM)              (1, 75)                   23100     
_________________________________________________________________
dense_175 (Dense)            (1, 1)                    76        
=================================================================
Total params: 23,176
Trainable params: 23,176
Non-trainable params: 0
_________________________________________________________________

Running Mean Length : 30
Batch Size : 1
Timesteps : 2
Learning Rate : 0.001
Epochs : 20
Loss Function : mse
Mean Type : none
val_loss : 0.022555849476758556
loss : 0.02894403364676132