Model: "sequential_17"
_________________________________________________________________
Layer (type)                 Output Shape              Param #   
=================================================================
lstm_17 (LSTM)               (1, 10)                   480       
_________________________________________________________________
dense_17 (Dense)             (1, 1)                    11        
=================================================================
Total params: 491
Trainable params: 491
Non-trainable params: 0
_________________________________________________________________

Running Mean Length : 30
Batch Size : 1
Timesteps : 1
Learning Rate : 10
Epochs : 10
Loss Function : mse
Mean Type : none
val_loss : 13.261803838941786
loss : 2.611841777151636