Model: "sequential"
_________________________________________________________________
Layer (type)                 Output Shape              Param #   
=================================================================
lstm (LSTM)                  (32, 4, 4)                96        
_________________________________________________________________
lstm_1 (LSTM)                (32, 4)                   144       
_________________________________________________________________
dense (Dense)                (32, 1)                   5         
=================================================================
Total params: 245
Trainable params: 245
Non-trainable params: 0
_________________________________________________________________

Running Mean Length : 30
Batch Size : 32
Timesteps : 4
Learning Rate : 0.01
Epochs : 100
Loss Function : mse
Mean Type : uniform
loss : 1.8475676951210415e-05
val_loss : 1.3272369415062713e-05