Model: "sequential_1"
_________________________________________________________________
Layer (type)                 Output Shape              Param #   
=================================================================
lstm_1 (LSTM)                (1, 1)                    12        
_________________________________________________________________
dense_1 (Dense)              (1, 1)                    2         
=================================================================
Total params: 14
Trainable params: 14
Non-trainable params: 0
_________________________________________________________________

Running Mean Length : 30
Batch Size : 1
Timesteps : 2
Learning Rate : 0.001
Epochs : 20
Loss Function : mse
Mean Type : none
val_loss : 0.02344833196908632
loss : 0.03216895290313661