Model: "sequential_199"
_________________________________________________________________
Layer (type)                 Output Shape              Param #   
=================================================================
lstm_199 (LSTM)              (1, 99)                   39996     
_________________________________________________________________
dense_199 (Dense)            (1, 1)                    100       
=================================================================
Total params: 40,096
Trainable params: 40,096
Non-trainable params: 0
_________________________________________________________________

Running Mean Length : 30
Batch Size : 1
Timesteps : 2
Learning Rate : 0.001
Epochs : 20
Loss Function : mse
Mean Type : none
val_loss : 0.02272098471492845
loss : 0.029050332002749573