Model: "sequential_2"
_________________________________________________________________
Layer (type)                 Output Shape              Param #   
=================================================================
lstm_2 (LSTM)                (32, 64)                  16896     
_________________________________________________________________
dense_2 (Dense)              (32, 1)                   65        
=================================================================
Total params: 16,961
Trainable params: 16,961
Non-trainable params: 0
_________________________________________________________________

Running Mean Length : 30
Batch Size : 32
Timesteps : 10
Learning Rate : 0.01
Epochs : 100
Loss Function : mse
Mean Type : none
loss : 0.008033970484070273
val_loss : 0.006368312130992611