Model: "sequential_103"
_________________________________________________________________
Layer (type)                 Output Shape              Param #   
=================================================================
lstm_103 (LSTM)              (1, 3)                    60        
_________________________________________________________________
dense_103 (Dense)            (1, 1)                    4         
=================================================================
Total params: 64
Trainable params: 64
Non-trainable params: 0
_________________________________________________________________

Running Mean Length : 30
Batch Size : 1
Timesteps : 2
Learning Rate : 0.001
Epochs : 20
Loss Function : mse
Mean Type : none
val_loss : 0.022064238181970848
loss : 0.027791655104622417