Model: "sequential_137"
_________________________________________________________________
Layer (type)                 Output Shape              Param #   
=================================================================
lstm_137 (LSTM)              (1, 37)                   5772      
_________________________________________________________________
dense_137 (Dense)            (1, 1)                    38        
=================================================================
Total params: 5,810
Trainable params: 5,810
Non-trainable params: 0
_________________________________________________________________

Running Mean Length : 30
Batch Size : 1
Timesteps : 2
Learning Rate : 0.001
Epochs : 20
Loss Function : mse
Mean Type : none
val_loss : 0.02224524707962517
loss : 0.028992497353282572