Model: "sequential_34"
_________________________________________________________________
Layer (type)                 Output Shape              Param #   
=================================================================
lstm_68 (LSTM)               (32, 10, 64)              16896     
_________________________________________________________________
lstm_69 (LSTM)               (32, 64)                  33024     
_________________________________________________________________
dense_34 (Dense)             (32, 1)                   65        
=================================================================
Total params: 49,985
Trainable params: 49,985
Non-trainable params: 0
_________________________________________________________________

Running Mean Length : 30
Batch Size : 32
Timesteps : 10
Learning Rate : 0.01
Epochs : 100
Loss Function : mse
Mean Type : none
loss : 0.05716127079601089
val_loss : 0.03566055496533712