Model: "sequential_3"
_________________________________________________________________
Layer (type)                 Output Shape              Param #   
=================================================================
lstm_3 (LSTM)                (32, 4)                   96        
_________________________________________________________________
dense_3 (Dense)              (32, 1)                   5         
=================================================================
Total params: 101
Trainable params: 101
Non-trainable params: 0
_________________________________________________________________

Running Mean Length : 30
Batch Size : 32
Timesteps : 4
Learning Rate : 0.01
Epochs : 100
Loss Function : mse
Mean Type : none
val_loss : 0.0033792483505697963
loss : 0.002001547961717753