Model: "sequential_3"
_________________________________________________________________
Layer (type)                 Output Shape              Param #   
=================================================================
lstm_3 (LSTM)                (1, 4)                    96        
_________________________________________________________________
activation_5 (Activation)    (1, 4)                    0         
_________________________________________________________________
dense_3 (Dense)              (1, 1)                    5         
_________________________________________________________________
activation_6 (Activation)    (1, 1)                    0         
=================================================================
Total params: 101
Trainable params: 101
Non-trainable params: 0
_________________________________________________________________

Running Mean Length : 30
Batch Size : 1
Timesteps : 1
Learning Rate : 10
Epochs : 10
Loss Function : mse
Mean Type : none
val_loss : 0.8021665545992362
loss : 0.3213245617747104