Model: "sequential_146"
_________________________________________________________________
Layer (type)                 Output Shape              Param #   
=================================================================
lstm_146 (LSTM)              (1, 46)                   8832      
_________________________________________________________________
dense_146 (Dense)            (1, 1)                    47        
=================================================================
Total params: 8,879
Trainable params: 8,879
Non-trainable params: 0
_________________________________________________________________

Running Mean Length : 30
Batch Size : 1
Timesteps : 2
Learning Rate : 0.001
Epochs : 20
Loss Function : mse
Mean Type : none
val_loss : 0.02234093266605054
loss : 0.02897814566306187