Model: "sequential_165"
_________________________________________________________________
Layer (type)                 Output Shape              Param #   
=================================================================
lstm_165 (LSTM)              (1, 65)                   17420     
_________________________________________________________________
dense_165 (Dense)            (1, 1)                    66        
=================================================================
Total params: 17,486
Trainable params: 17,486
Non-trainable params: 0
_________________________________________________________________

Running Mean Length : 30
Batch Size : 1
Timesteps : 2
Learning Rate : 0.001
Epochs : 20
Loss Function : mse
Mean Type : none
val_loss : 0.02244383608425499
loss : 0.029014951699745273