Model: "sequential_30"
_________________________________________________________________
Layer (type)                 Output Shape              Param #   
=================================================================
lstm_60 (LSTM)               (32, 10, 64)              16896     
_________________________________________________________________
lstm_61 (LSTM)               (32, 64)                  33024     
_________________________________________________________________
dense_30 (Dense)             (32, 1)                   65        
=================================================================
Total params: 49,985
Trainable params: 49,985
Non-trainable params: 0
_________________________________________________________________

Running Mean Length : 30
Batch Size : 32
Timesteps : 10
Learning Rate : 0.01
Epochs : 100
Loss Function : mse
Mean Type : none
loss : 0.054733582267848156
val_loss : 0.03531376924365759