Model: "sequential_14"
_________________________________________________________________
Layer (type)                 Output Shape              Param #   
=================================================================
lstm_28 (LSTM)               (32, 10, 64)              16896     
_________________________________________________________________
lstm_29 (LSTM)               (32, 64)                  33024     
_________________________________________________________________
dense_14 (Dense)             (32, 1)                   65        
=================================================================
Total params: 49,985
Trainable params: 49,985
Non-trainable params: 0
_________________________________________________________________

Running Mean Length : 30
Batch Size : 32
Timesteps : 10
Learning Rate : 0.01
Epochs : 100
Loss Function : mse
Mean Type : none
loss : 0.007742991396096638
val_loss : 0.00615124524726222