Model: "sequential_1"
_________________________________________________________________
Layer (type)                 Output Shape              Param #   
=================================================================
lstm_1 (LSTM)                (16, 4)                   96        
_________________________________________________________________
dense_1 (Dense)              (16, 1)                   5         
=================================================================
Total params: 101
Trainable params: 101
Non-trainable params: 0
_________________________________________________________________

Running Mean Length : 30
Batch Size : 16
Timesteps : 2
Learning Rate : 0.1
Epochs : 100
Loss Function : mse
Mean Type : none
val_loss : 0.03899366039937983
loss : 0.019449420248133106