Model: "sequential_80"
_________________________________________________________________
Layer (type)                 Output Shape              Param #   
=================================================================
lstm_80 (LSTM)               (16, 1)                   12        
_________________________________________________________________
dense_80 (Dense)             (16, 1)                   2         
=================================================================
Total params: 14
Trainable params: 14
Non-trainable params: 0
_________________________________________________________________

Running Mean Length : 30
Batch Size : 16
Timesteps : 2
Learning Rate : 0.1
Epochs : 100
Loss Function : mse
Mean Type : none
val_loss : 0.017232644382864235
loss : 0.014624508948801964