Model: "sequential_153"
_________________________________________________________________
Layer (type)                 Output Shape              Param #   
=================================================================
lstm_153 (LSTM)              (1, 53)                   11660     
_________________________________________________________________
dense_153 (Dense)            (1, 1)                    54        
=================================================================
Total params: 11,714
Trainable params: 11,714
Non-trainable params: 0
_________________________________________________________________

Running Mean Length : 30
Batch Size : 1
Timesteps : 2
Learning Rate : 0.001
Epochs : 20
Loss Function : mse
Mean Type : none
val_loss : 0.022387864649772455
loss : 0.029006173128352287