Model: "sequential_1"
_________________________________________________________________
Layer (type)                 Output Shape              Param #   
=================================================================
lstm_1 (LSTM)                (1, 100)                  40800     
_________________________________________________________________
dense_1 (Dense)              (1, 1)                    101       
=================================================================
Total params: 40,901
Trainable params: 40,901
Non-trainable params: 0
_________________________________________________________________

Running Mean Length : 30
Batch Size : 1
Timesteps : 2
Learning Rate : 0.3
Epochs : 100
Loss Function : mse
Mean Type : none
val_loss : 0.3651217701405344
loss : 0.2981398638330374