Model: "sequential_172"
_________________________________________________________________
Layer (type)                 Output Shape              Param #   
=================================================================
lstm_172 (LSTM)              (1, 72)                   21312     
_________________________________________________________________
dense_172 (Dense)            (1, 1)                    73        
=================================================================
Total params: 21,385
Trainable params: 21,385
Non-trainable params: 0
_________________________________________________________________

Running Mean Length : 30
Batch Size : 1
Timesteps : 2
Learning Rate : 0.001
Epochs : 20
Loss Function : mse
Mean Type : none
val_loss : 0.022535566831500018
loss : 0.029006598342279727