Model: "sequential_111"
_________________________________________________________________
Layer (type)                 Output Shape              Param #   
=================================================================
lstm_111 (LSTM)              (1, 11)                   572       
_________________________________________________________________
dense_111 (Dense)            (1, 1)                    12        
=================================================================
Total params: 584
Trainable params: 584
Non-trainable params: 0
_________________________________________________________________

Running Mean Length : 30
Batch Size : 1
Timesteps : 2
Learning Rate : 0.001
Epochs : 20
Loss Function : mse
Mean Type : none
val_loss : 0.022073542554618547
loss : 0.02875970184633142