Model: "sequential_20"
_________________________________________________________________
Layer (type)                 Output Shape              Param #   
=================================================================
lstm_20 (LSTM)               (1, 10)                   480       
_________________________________________________________________
dense_20 (Dense)             (1, 1)                    11        
=================================================================
Total params: 491
Trainable params: 491
Non-trainable params: 0
_________________________________________________________________

Running Mean Length : 30
Batch Size : 1
Timesteps : 1
Learning Rate : 10
Epochs : 10
Loss Function : mse
Mean Type : none
val_loss : 0.25729064858589684
loss : 0.37495686855804244