Model: "sequential_3"
_________________________________________________________________
Layer (type)                 Output Shape              Param #   
=================================================================
lstm_3 (LSTM)                (1, 10)                   480       
_________________________________________________________________
dense_3 (Dense)              (1, 1)                    11        
=================================================================
Total params: 491
Trainable params: 491
Non-trainable params: 0
_________________________________________________________________

Running Mean Length : 30
Batch Size : 1
Timesteps : 1
Learning Rate : 10
Epochs : 10
Loss Function : mse
Mean Type : none
val_loss : 1.2399096755604995
loss : 50.12157490469078