Model: "sequential_13"
_________________________________________________________________
Layer (type)                 Output Shape              Param #   
=================================================================
lstm_13 (LSTM)               (1, 10)                   480       
_________________________________________________________________
dense_13 (Dense)             (1, 1)                    11        
=================================================================
Total params: 491
Trainable params: 491
Non-trainable params: 0
_________________________________________________________________

Running Mean Length : 30
Batch Size : 1
Timesteps : 1
Learning Rate : 10
Epochs : 10
Loss Function : mse
Mean Type : none
val_loss : 1.9743327673035438
loss : 1.7428874942634585