Model: "sequential_22"
_________________________________________________________________
Layer (type)                 Output Shape              Param #   
=================================================================
lstm_22 (LSTM)               (16, 1)                   12        
_________________________________________________________________
dense_22 (Dense)             (16, 1)                   2         
=================================================================
Total params: 14
Trainable params: 14
Non-trainable params: 0
_________________________________________________________________

Running Mean Length : 30
Batch Size : 16
Timesteps : 2
Learning Rate : 0.1
Epochs : 100
Loss Function : mse
Mean Type : none
val_loss : 0.039275459363125265
loss : 0.020051628835750995