Model: "sequential_1"
_________________________________________________________________
Layer (type)                 Output Shape              Param #   
=================================================================
lstm_1 (LSTM)                (1, 4)                    112       
_________________________________________________________________
activation_1 (Activation)    (1, 4)                    0         
_________________________________________________________________
dense_1 (Dense)              (1, 2)                    10        
_________________________________________________________________
activation_2 (Activation)    (1, 2)                    0         
=================================================================
Total params: 122
Trainable params: 122
Non-trainable params: 0
_________________________________________________________________

Running Mean Length : 30
Batch Size : 1
Timesteps : 5
Learning Rate : 1
Epochs : 10
Loss Function : mse
Mean Type : none
val_loss : 0.3953001516855188
loss : 0.08397367228370078