Model: "sequential_197"
_________________________________________________________________
Layer (type)                 Output Shape              Param #   
=================================================================
lstm_197 (LSTM)              (1, 97)                   38412     
_________________________________________________________________
dense_197 (Dense)            (1, 1)                    98        
=================================================================
Total params: 38,510
Trainable params: 38,510
Non-trainable params: 0
_________________________________________________________________

Running Mean Length : 30
Batch Size : 1
Timesteps : 2
Learning Rate : 0.001
Epochs : 20
Loss Function : mse
Mean Type : none
val_loss : 0.02273145265199114
loss : 0.029052499523246834