Model: "sequential_1"
_________________________________________________________________
Layer (type)                 Output Shape              Param #   
=================================================================
lstm_1 (LSTM)                (32, 64)                  16896     
_________________________________________________________________
activation_1 (Activation)    (32, 64)                  0         
_________________________________________________________________
dense_1 (Dense)              (32, 1)                   65        
=================================================================
Total params: 16,961
Trainable params: 16,961
Non-trainable params: 0
_________________________________________________________________

Running Mean Length : 10
Batch Size : 32
Timesteps : 10
Learning Rate : 0.001
Epochs : 20
Loss Function : mse
Mean Type : none
val_loss : 0.03742845084542437
loss : 0.02373061719535514