Model: "sequential_1"
_________________________________________________________________
Layer (type)                 Output Shape              Param #   
=================================================================
lstm_1 (LSTM)                (20, 2)                   32        
_________________________________________________________________
dense_1 (Dense)              (20, 1)                   3         
=================================================================
Total params: 35
Trainable params: 35
Non-trainable params: 0
_________________________________________________________________

Running Mean Length : 30
Batch Size : 20
Timesteps : 2
Learning Rate : 0.001
Epochs : 100
Loss Function : mse
Mean Type : none
val_loss : 0.4477323845028877
loss : 0.3248655029155057