Model: "sequential_18"
_________________________________________________________________
Layer (type)                 Output Shape              Param #   
=================================================================
lstm_36 (LSTM)               (32, 10, 64)              16896     
_________________________________________________________________
lstm_37 (LSTM)               (32, 64)                  33024     
_________________________________________________________________
dense_18 (Dense)             (32, 1)                   65        
=================================================================
Total params: 49,985
Trainable params: 49,985
Non-trainable params: 0
_________________________________________________________________

Running Mean Length : 30
Batch Size : 32
Timesteps : 10
Learning Rate : 0.01
Epochs : 100
Loss Function : mse
Mean Type : none
loss : 0.0077588072939155
val_loss : 0.006058555173998077