Model: "sequential_30"
_________________________________________________________________
Layer (type)                 Output Shape              Param #   
=================================================================
lstm_30 (LSTM)               (20, 2)                   32        
_________________________________________________________________
dense_30 (Dense)             (20, 1)                   3         
=================================================================
Total params: 35
Trainable params: 35
Non-trainable params: 0
_________________________________________________________________

Running Mean Length : 30
Batch Size : 20
Timesteps : 2
Learning Rate : 0.0003
Epochs : 100
Loss Function : mse
Mean Type : none
val_loss : 0.34927026331424715
loss : 0.2545274583430126