Model: "sequential_194"
_________________________________________________________________
Layer (type)                 Output Shape              Param #   
=================================================================
lstm_194 (LSTM)              (1, 94)                   36096     
_________________________________________________________________
dense_194 (Dense)            (1, 1)                    95        
=================================================================
Total params: 36,191
Trainable params: 36,191
Non-trainable params: 0
_________________________________________________________________

Running Mean Length : 30
Batch Size : 1
Timesteps : 2
Learning Rate : 0.001
Epochs : 20
Loss Function : mse
Mean Type : none
val_loss : 0.022723338736045116
loss : 0.02901411460521588