Model: "sequential_187"
_________________________________________________________________
Layer (type)                 Output Shape              Param #   
=================================================================
lstm_187 (LSTM)              (1, 87)                   30972     
_________________________________________________________________
dense_187 (Dense)            (1, 1)                    88        
=================================================================
Total params: 31,060
Trainable params: 31,060
Non-trainable params: 0
_________________________________________________________________

Running Mean Length : 30
Batch Size : 1
Timesteps : 2
Learning Rate : 0.001
Epochs : 20
Loss Function : mse
Mean Type : none
val_loss : 0.02266698959948606
loss : 0.029066384897913546