Model: "sequential_170"
_________________________________________________________________
Layer (type)                 Output Shape              Param #   
=================================================================
lstm_170 (LSTM)              (1, 70)                   20160     
_________________________________________________________________
dense_170 (Dense)            (1, 1)                    71        
=================================================================
Total params: 20,231
Trainable params: 20,231
Non-trainable params: 0
_________________________________________________________________

Running Mean Length : 30
Batch Size : 1
Timesteps : 2
Learning Rate : 0.001
Epochs : 20
Loss Function : mse
Mean Type : none
val_loss : 0.02254202370782469
loss : 0.02902287190658289