Model: "sequential_128"
_________________________________________________________________
Layer (type)                 Output Shape              Param #   
=================================================================
lstm_128 (LSTM)              (1, 28)                   3360      
_________________________________________________________________
dense_128 (Dense)            (1, 1)                    29        
=================================================================
Total params: 3,389
Trainable params: 3,389
Non-trainable params: 0
_________________________________________________________________

Running Mean Length : 30
Batch Size : 1
Timesteps : 2
Learning Rate : 0.001
Epochs : 20
Loss Function : mse
Mean Type : none
val_loss : 0.02209185109783759
loss : 0.028923406758439928