Model: "sequential_120"
_________________________________________________________________
Layer (type)                 Output Shape              Param #   
=================================================================
lstm_120 (LSTM)              (1, 20)                   1760      
_________________________________________________________________
dense_120 (Dense)            (1, 1)                    21        
=================================================================
Total params: 1,781
Trainable params: 1,781
Non-trainable params: 0
_________________________________________________________________

Running Mean Length : 30
Batch Size : 1
Timesteps : 2
Learning Rate : 0.001
Epochs : 20
Loss Function : mse
Mean Type : none
val_loss : 0.022061353942912906
loss : 0.028874937724591748