Model: "sequential_126"
_________________________________________________________________
Layer (type)                 Output Shape              Param #   
=================================================================
lstm_126 (LSTM)              (1, 26)                   2912      
_________________________________________________________________
dense_126 (Dense)            (1, 1)                    27        
=================================================================
Total params: 2,939
Trainable params: 2,939
Non-trainable params: 0
_________________________________________________________________

Running Mean Length : 30
Batch Size : 1
Timesteps : 2
Learning Rate : 0.001
Epochs : 20
Loss Function : mse
Mean Type : none
val_loss : 0.022178283193324953
loss : 0.028932690842434414