Model: "sequential_151"
_________________________________________________________________
Layer (type)                 Output Shape              Param #   
=================================================================
lstm_151 (LSTM)              (1, 51)                   10812     
_________________________________________________________________
dense_151 (Dense)            (1, 1)                    52        
=================================================================
Total params: 10,864
Trainable params: 10,864
Non-trainable params: 0
_________________________________________________________________

Running Mean Length : 30
Batch Size : 1
Timesteps : 2
Learning Rate : 0.001
Epochs : 20
Loss Function : mse
Mean Type : none
val_loss : 0.022364481591644964
loss : 0.029008456954082988