Model: "sequential_177"
_________________________________________________________________
Layer (type)                 Output Shape              Param #   
=================================================================
lstm_177 (LSTM)              (1, 77)                   24332     
_________________________________________________________________
dense_177 (Dense)            (1, 1)                    78        
=================================================================
Total params: 24,410
Trainable params: 24,410
Non-trainable params: 0
_________________________________________________________________

Running Mean Length : 30
Batch Size : 1
Timesteps : 2
Learning Rate : 0.001
Epochs : 20
Loss Function : mse
Mean Type : none
val_loss : 0.022564263838390847
loss : 0.02899599578569005