Model: "sequential_109"
_________________________________________________________________
Layer (type)                 Output Shape              Param #   
=================================================================
lstm_109 (LSTM)              (1, 9)                    396       
_________________________________________________________________
dense_109 (Dense)            (1, 1)                    10        
=================================================================
Total params: 406
Trainable params: 406
Non-trainable params: 0
_________________________________________________________________

Running Mean Length : 30
Batch Size : 1
Timesteps : 2
Learning Rate : 0.001
Epochs : 20
Loss Function : mse
Mean Type : none
val_loss : 0.022240079040388296
loss : 0.02856102498425604