Model: "sequential_32"
_________________________________________________________________
Layer (type)                 Output Shape              Param #   
=================================================================
lstm_32 (LSTM)               (16, 11)                  572       
_________________________________________________________________
dense_32 (Dense)             (16, 1)                   12        
=================================================================
Total params: 584
Trainable params: 584
Non-trainable params: 0
_________________________________________________________________

Running Mean Length : 30
Batch Size : 16
Timesteps : 2
Learning Rate : 0.1
Epochs : 100
Loss Function : mse
Mean Type : none
val_loss : 0.04145285192256173
loss : 0.01854163299100725