Model: "sequential_4"
_________________________________________________________________
Layer (type)                 Output Shape              Param #   
=================================================================
lstm_4 (LSTM)                (1, 100)                  40800     
_________________________________________________________________
dense_4 (Dense)              (1, 1)                    101       
=================================================================
Total params: 40,901
Trainable params: 40,901
Non-trainable params: 0
_________________________________________________________________

Running Mean Length : 30
Batch Size : 1
Timesteps : 2
Learning Rate : 0.05
Epochs : 100
Loss Function : mse
Mean Type : none
val_loss : 0.02255721909409658
loss : 0.028687987387144332