Model: "sequential_148"
_________________________________________________________________
Layer (type)                 Output Shape              Param #   
=================================================================
lstm_148 (LSTM)              (1, 48)                   9600      
_________________________________________________________________
dense_148 (Dense)            (1, 1)                    49        
=================================================================
Total params: 9,649
Trainable params: 9,649
Non-trainable params: 0
_________________________________________________________________

Running Mean Length : 30
Batch Size : 1
Timesteps : 2
Learning Rate : 0.001
Epochs : 20
Loss Function : mse
Mean Type : none
val_loss : 0.022336844027262662
loss : 0.029052324422197504