Model: "sequential_150"
_________________________________________________________________
Layer (type)                 Output Shape              Param #   
=================================================================
lstm_150 (LSTM)              (1, 50)                   10400     
_________________________________________________________________
dense_150 (Dense)            (1, 1)                    51        
=================================================================
Total params: 10,451
Trainable params: 10,451
Non-trainable params: 0
_________________________________________________________________

Running Mean Length : 30
Batch Size : 1
Timesteps : 2
Learning Rate : 0.001
Epochs : 20
Loss Function : mse
Mean Type : none
val_loss : 0.02237805259310082
loss : 0.028962480402476724